# JRE version: 7.0_05-b06
# Java VM: Java HotSpot(TM) 64-Bit Server VM (23.1-b03 mixed mode windows-amd64 compressed oops)
Heap
 PSYoungGen      total 18496K, used 10178K [0x00000000eb600000, 0x00000000ecaa0000, 0x0000000000000000)
  eden space 15872K, 51% used [0x00000000eb600000,0x00000000ebe05f08,0x00000000ec580000)
  from space 2624K, 74% used [0x00000000ec810000,0x00000000ec9fa9f8,0x00000000ecaa0000)
  to   space 2624K, 0% used [0x00000000ec580000,0x00000000ec580000,0x00000000ec810000)
 ParOldGen       total 42240K, used 5641K [0x00000000c2200000, 0x00000000c4b40000, 0x00000000eb600000)
  object space 42240K, 13% used [0x00000000c2200000,0x00000000c2782430,0x00000000c4b40000)
 PSPermGen       total 21248K, used 10348K [0x00000000bd000000, 0x00000000be4c0000, 0x00000000c2200000)
  object space 21248K, 48% used [0x00000000bd000000,0x00000000bda1b230,0x00000000be4c0000)
GC Heap History (4 events):
Event: 13.439 GC heap before
{Heap before GC invocations=1 (full 0):
 PSYoungGen      total 18496K, used 15872K [0x00000000eb600000, 0x00000000ecaa0000, 0x0000000000000000)
  eden space 15872K, 100% used [0x00000000eb600000,0x00000000ec580000,0x00000000ec580000)
  from space 2624K, 0% used [0x00000000ec810000,0x00000000ec810000,0x00000000ecaa0000)
  to   space 2624K, 0% used [0x00000000ec580000,0x00000000ec580000,0x00000000ec810000)
 ParOldGen       total 42240K, used 0K [0x00000000c2200000, 0x00000000c4b40000, 0x00000000eb600000)
  object space 42240K, 0% used [0x00000000c2200000,0x00000000c2200000,0x00000000c4b40000)
 PSPermGen       total 21248K, used 7995K [0x00000000bd000000, 0x00000000be4c0000, 0x00000000c2200000)
  object space 21248K, 37% used [0x00000000bd000000,0x00000000bd7ceec8,0x00000000be4c0000)
Event: 13.451 GC heap after
Heap after GC invocations=1 (full 0):
 PSYoungGen      total 18496K, used 1485K [0x00000000eb600000, 0x00000000ecaa0000, 0x0000000000000000)
  eden space 15872K, 0% used [0x00000000eb600000,0x00000000eb600000,0x00000000ec580000)
  from space 2624K, 56% used [0x00000000ec580000,0x00000000ec6f36c0,0x00000000ec810000)
  to   space 2624K, 0% used [0x00000000ec810000,0x00000000ec810000,0x00000000ecaa0000)
 ParOldGen       total 42240K, used 5633K [0x00000000c2200000, 0x00000000c4b40000, 0x00000000eb600000)
  object space 42240K, 13% used [0x00000000c2200000,0x00000000c2780430,0x00000000c4b40000)
 PSPermGen       total 21248K, used 7995K [0x00000000bd000000, 0x00000000be4c0000, 0x00000000c2200000)
  object space 21248K, 37% used [0x00000000bd000000,0x00000000bd7ceec8,0x00000000be4c0000)
}
Event: 54.778 GC heap before
{Heap before GC invocations=2 (full 0):
 PSYoungGen      total 18496K, used 17357K [0x00000000eb600000, 0x00000000ecaa0000, 0x0000000000000000)
  eden space 15872K, 100% used [0x00000000eb600000,0x00000000ec580000,0x00000000ec580000)
  from space 2624K, 56% used [0x00000000ec580000,0x00000000ec6f36c0,0x00000000ec810000)
  to   space 2624K, 0% used [0x00000000ec810000,0x00000000ec810000,0x00000000ecaa0000)
 ParOldGen       total 42240K, used 5633K [0x00000000c2200000, 0x00000000c4b40000, 0x00000000eb600000)
  object space 42240K, 13% used [0x00000000c2200000,0x00000000c2780430,0x00000000c4b40000)
 PSPermGen       total 21248K, used 10297K [0x00000000bd000000, 0x00000000be4c0000, 0x00000000c2200000)
  object space 21248K, 48% used [0x00000000bd000000,0x00000000bda0e708,0x00000000be4c0000)
Event: 54.783 GC heap after
Heap after GC invocations=2 (full 0):
 PSYoungGen      total 18496K, used 1962K [0x00000000eb600000, 0x00000000ecaa0000, 0x0000000000000000)
  eden space 15872K, 0% used [0x00000000eb600000,0x00000000eb600000,0x00000000ec580000)
  from space 2624K, 74% used [0x00000000ec810000,0x00000000ec9fa9f8,0x00000000ecaa0000)
  to   space 2624K, 0% used [0x00000000ec580000,0x00000000ec580000,0x00000000ec810000)
 ParOldGen       total 42240K, used 5641K [0x00000000c2200000, 0x00000000c4b40000, 0x00000000eb600000)
  object space 42240K, 13% used [0x00000000c2200000,0x00000000c2782430,0x00000000c4b40000)
 PSPermGen       total 21248K, used 10297K [0x00000000bd000000, 0x00000000be4c0000, 0x00000000c2200000)
  object space 21248K, 48% used [0x00000000bd000000,0x00000000bda0e708,0x00000000be4c0000)
}

